<?xml version="1.0" encoding="UTF-8"?>
<testsuite name="edu.odu.cs.cs350.TagExtractorTest" tests="6" skipped="0" failures="2" errors="0" timestamp="2019-08-09T00:26:27" hostname="DESKTOP-P45T5Q1" time="1.446">
  <properties/>
  <testcase name="testNotEqualExtractors" classname="edu.odu.cs.cs350.TagExtractorTest" time="0.741"/>
  <testcase name="testTraverseSubDirectories" classname="edu.odu.cs.cs350.TagExtractorTest" time="0.506">
    <failure message="java.lang.NullPointerException" type="java.lang.NullPointerException">java.lang.NullPointerException
	at edu.odu.cs.cs350.Webpage.setPath(Webpage.java:376)
	at edu.odu.cs.cs350.Website.addWebpage(Website.java:201)
	at edu.odu.cs.cs350.TagExtractor.traverseFiles(TagExtractor.java:368)
	at edu.odu.cs.cs350.TagExtractor.traverseFiles(TagExtractor.java:357)
	at edu.odu.cs.cs350.TagExtractor.traverseFiles(TagExtractor.java:357)
	at edu.odu.cs.cs350.TagExtractor.traverseFiles(TagExtractor.java:357)
	at edu.odu.cs.cs350.TagExtractor.traverseFiles(TagExtractor.java:357)
	at edu.odu.cs.cs350.TagExtractorTest.testTraverseSubDirectories(TagExtractorTest.java:244)
	at sun.reflect.NativeMethodAccessorImpl.invoke0(Native Method)
	at sun.reflect.NativeMethodAccessorImpl.invoke(NativeMethodAccessorImpl.java:62)
	at sun.reflect.DelegatingMethodAccessorImpl.invoke(DelegatingMethodAccessorImpl.java:43)
	at java.lang.reflect.Method.invoke(Method.java:498)
	at org.junit.runners.model.FrameworkMethod$1.runReflectiveCall(FrameworkMethod.java:50)
	at org.junit.internal.runners.model.ReflectiveCallable.run(ReflectiveCallable.java:12)
	at org.junit.runners.model.FrameworkMethod.invokeExplosively(FrameworkMethod.java:47)
	at org.junit.internal.runners.statements.InvokeMethod.evaluate(InvokeMethod.java:17)
	at org.junit.internal.runners.statements.RunBefores.evaluate(RunBefores.java:26)
	at org.junit.runners.ParentRunner.runLeaf(ParentRunner.java:325)
	at org.junit.runners.BlockJUnit4ClassRunner.runChild(BlockJUnit4ClassRunner.java:78)
	at org.junit.runners.BlockJUnit4ClassRunner.runChild(BlockJUnit4ClassRunner.java:57)
	at org.junit.runners.ParentRunner$3.run(ParentRunner.java:290)
	at org.junit.runners.ParentRunner$1.schedule(ParentRunner.java:71)
	at org.junit.runners.ParentRunner.runChildren(ParentRunner.java:288)
	at org.junit.runners.ParentRunner.access$000(ParentRunner.java:58)
	at org.junit.runners.ParentRunner$2.evaluate(ParentRunner.java:268)
	at org.junit.runners.ParentRunner.run(ParentRunner.java:363)
	at org.gradle.api.internal.tasks.testing.junit.JUnitTestClassExecutor.runTestClass(JUnitTestClassExecutor.java:110)
	at org.gradle.api.internal.tasks.testing.junit.JUnitTestClassExecutor.execute(JUnitTestClassExecutor.java:58)
	at org.gradle.api.internal.tasks.testing.junit.JUnitTestClassExecutor.execute(JUnitTestClassExecutor.java:38)
	at org.gradle.api.internal.tasks.testing.junit.AbstractJUnitTestClassProcessor.processTestClass(AbstractJUnitTestClassProcessor.java:62)
	at org.gradle.api.internal.tasks.testing.SuiteTestClassProcessor.processTestClass(SuiteTestClassProcessor.java:51)
	at sun.reflect.NativeMethodAccessorImpl.invoke0(Native Method)
	at sun.reflect.NativeMethodAccessorImpl.invoke(NativeMethodAccessorImpl.java:62)
	at sun.reflect.DelegatingMethodAccessorImpl.invoke(DelegatingMethodAccessorImpl.java:43)
	at java.lang.reflect.Method.invoke(Method.java:498)
	at org.gradle.internal.dispatch.ReflectionDispatch.dispatch(ReflectionDispatch.java:35)
	at org.gradle.internal.dispatch.ReflectionDispatch.dispatch(ReflectionDispatch.java:24)
	at org.gradle.internal.dispatch.ContextClassLoaderDispatch.dispatch(ContextClassLoaderDispatch.java:32)
	at org.gradle.internal.dispatch.ProxyDispatchAdapter$DispatchingInvocationHandler.invoke(ProxyDispatchAdapter.java:93)
	at com.sun.proxy.$Proxy2.processTestClass(Unknown Source)
	at org.gradle.api.internal.tasks.testing.worker.TestWorker.processTestClass(TestWorker.java:118)
	at sun.reflect.NativeMethodAccessorImpl.invoke0(Native Method)
	at sun.reflect.NativeMethodAccessorImpl.invoke(NativeMethodAccessorImpl.java:62)
	at sun.reflect.DelegatingMethodAccessorImpl.invoke(DelegatingMethodAccessorImpl.java:43)
	at java.lang.reflect.Method.invoke(Method.java:498)
	at org.gradle.internal.dispatch.ReflectionDispatch.dispatch(ReflectionDispatch.java:35)
	at org.gradle.internal.dispatch.ReflectionDispatch.dispatch(ReflectionDispatch.java:24)
	at org.gradle.internal.remote.internal.hub.MessageHubBackedObjectConnection$DispatchWrapper.dispatch(MessageHubBackedObjectConnection.java:175)
	at org.gradle.internal.remote.internal.hub.MessageHubBackedObjectConnection$DispatchWrapper.dispatch(MessageHubBackedObjectConnection.java:157)
	at org.gradle.internal.remote.internal.hub.MessageHub$Handler.run(MessageHub.java:404)
	at org.gradle.internal.concurrent.ExecutorPolicy$CatchAndRecordFailures.onExecute(ExecutorPolicy.java:63)
	at org.gradle.internal.concurrent.ManagedExecutorImpl$1.run(ManagedExecutorImpl.java:46)
	at java.util.concurrent.ThreadPoolExecutor.runWorker(ThreadPoolExecutor.java:1149)
	at java.util.concurrent.ThreadPoolExecutor$Worker.run(ThreadPoolExecutor.java:624)
	at org.gradle.internal.concurrent.ThreadFactoryImpl$ManagedThreadRunnable.run(ThreadFactoryImpl.java:55)
	at java.lang.Thread.run(Thread.java:748)
</failure>
  </testcase>
  <testcase name="testClone" classname="edu.odu.cs.cs350.TagExtractorTest" time="0.059"/>
  <testcase name="testTagExtractor" classname="edu.odu.cs.cs350.TagExtractorTest" time="0.057"/>
  <testcase name="testEqualsNull" classname="edu.odu.cs.cs350.TagExtractorTest" time="0.041"/>
  <testcase name="testTraverseFiles" classname="edu.odu.cs.cs350.TagExtractorTest" time="0.04">
    <failure message="java.lang.NullPointerException" type="java.lang.NullPointerException">java.lang.NullPointerException
	at edu.odu.cs.cs350.TagExtractor.getPathToRoot(TagExtractor.java:585)
	at edu.odu.cs.cs350.TagExtractor.runExtractor(TagExtractor.java:338)
	at edu.odu.cs.cs350.TagExtractorTest.testTraverseFiles(TagExtractorTest.java:190)
	at sun.reflect.NativeMethodAccessorImpl.invoke0(Native Method)
	at sun.reflect.NativeMethodAccessorImpl.invoke(NativeMethodAccessorImpl.java:62)
	at sun.reflect.DelegatingMethodAccessorImpl.invoke(DelegatingMethodAccessorImpl.java:43)
	at java.lang.reflect.Method.invoke(Method.java:498)
	at org.junit.runners.model.FrameworkMethod$1.runReflectiveCall(FrameworkMethod.java:50)
	at org.junit.internal.runners.model.ReflectiveCallable.run(ReflectiveCallable.java:12)
	at org.junit.runners.model.FrameworkMethod.invokeExplosively(FrameworkMethod.java:47)
	at org.junit.internal.runners.statements.InvokeMethod.evaluate(InvokeMethod.java:17)
	at org.junit.internal.runners.statements.RunBefores.evaluate(RunBefores.java:26)
	at org.junit.runners.ParentRunner.runLeaf(ParentRunner.java:325)
	at org.junit.runners.BlockJUnit4ClassRunner.runChild(BlockJUnit4ClassRunner.java:78)
	at org.junit.runners.BlockJUnit4ClassRunner.runChild(BlockJUnit4ClassRunner.java:57)
	at org.junit.runners.ParentRunner$3.run(ParentRunner.java:290)
	at org.junit.runners.ParentRunner$1.schedule(ParentRunner.java:71)
	at org.junit.runners.ParentRunner.runChildren(ParentRunner.java:288)
	at org.junit.runners.ParentRunner.access$000(ParentRunner.java:58)
	at org.junit.runners.ParentRunner$2.evaluate(ParentRunner.java:268)
	at org.junit.runners.ParentRunner.run(ParentRunner.java:363)
	at org.gradle.api.internal.tasks.testing.junit.JUnitTestClassExecutor.runTestClass(JUnitTestClassExecutor.java:110)
	at org.gradle.api.internal.tasks.testing.junit.JUnitTestClassExecutor.execute(JUnitTestClassExecutor.java:58)
	at org.gradle.api.internal.tasks.testing.junit.JUnitTestClassExecutor.execute(JUnitTestClassExecutor.java:38)
	at org.gradle.api.internal.tasks.testing.junit.AbstractJUnitTestClassProcessor.processTestClass(AbstractJUnitTestClassProcessor.java:62)
	at org.gradle.api.internal.tasks.testing.SuiteTestClassProcessor.processTestClass(SuiteTestClassProcessor.java:51)
	at sun.reflect.NativeMethodAccessorImpl.invoke0(Native Method)
	at sun.reflect.NativeMethodAccessorImpl.invoke(NativeMethodAccessorImpl.java:62)
	at sun.reflect.DelegatingMethodAccessorImpl.invoke(DelegatingMethodAccessorImpl.java:43)
	at java.lang.reflect.Method.invoke(Method.java:498)
	at org.gradle.internal.dispatch.ReflectionDispatch.dispatch(ReflectionDispatch.java:35)
	at org.gradle.internal.dispatch.ReflectionDispatch.dispatch(ReflectionDispatch.java:24)
	at org.gradle.internal.dispatch.ContextClassLoaderDispatch.dispatch(ContextClassLoaderDispatch.java:32)
	at org.gradle.internal.dispatch.ProxyDispatchAdapter$DispatchingInvocationHandler.invoke(ProxyDispatchAdapter.java:93)
	at com.sun.proxy.$Proxy2.processTestClass(Unknown Source)
	at org.gradle.api.internal.tasks.testing.worker.TestWorker.processTestClass(TestWorker.java:118)
	at sun.reflect.NativeMethodAccessorImpl.invoke0(Native Method)
	at sun.reflect.NativeMethodAccessorImpl.invoke(NativeMethodAccessorImpl.java:62)
	at sun.reflect.DelegatingMethodAccessorImpl.invoke(DelegatingMethodAccessorImpl.java:43)
	at java.lang.reflect.Method.invoke(Method.java:498)
	at org.gradle.internal.dispatch.ReflectionDispatch.dispatch(ReflectionDispatch.java:35)
	at org.gradle.internal.dispatch.ReflectionDispatch.dispatch(ReflectionDispatch.java:24)
	at org.gradle.internal.remote.internal.hub.MessageHubBackedObjectConnection$DispatchWrapper.dispatch(MessageHubBackedObjectConnection.java:175)
	at org.gradle.internal.remote.internal.hub.MessageHubBackedObjectConnection$DispatchWrapper.dispatch(MessageHubBackedObjectConnection.java:157)
	at org.gradle.internal.remote.internal.hub.MessageHub$Handler.run(MessageHub.java:404)
	at org.gradle.internal.concurrent.ExecutorPolicy$CatchAndRecordFailures.onExecute(ExecutorPolicy.java:63)
	at org.gradle.internal.concurrent.ManagedExecutorImpl$1.run(ManagedExecutorImpl.java:46)
	at java.util.concurrent.ThreadPoolExecutor.runWorker(ThreadPoolExecutor.java:1149)
	at java.util.concurrent.ThreadPoolExecutor$Worker.run(ThreadPoolExecutor.java:624)
	at org.gradle.internal.concurrent.ThreadFactoryImpl$ManagedThreadRunnable.run(ThreadFactoryImpl.java:55)
	at java.lang.Thread.run(Thread.java:748)
</failure>
  </testcase>
  <system-out><![CDATA[/src/test/resources/edu/odu/cs/cs350
/src/test/resources/edu/odu/cs/cs350
/home/system/directory
/home/system/directory
/src/test/resources/edu/odu/cs/cs350
/src/test/resources/edu/odu/cs/cs350
/home/system/directory
/home/system/directory
root directory: /src/test/resources/edu/odu/cs/cs350 - input: file:/mnt/c/Users/Richa/OneDrive/Desktop/CS350PROJECT/Avocado1/src/test/resources/edu/odu/cs/cs350/image.jpg
root directory: /src/test/resources/edu/odu/cs/cs350 - input: file:/mnt/c/Users/Richa/OneDrive/Desktop/CS350PROJECT/Avocado1/src/test/resources/edu/odu/cs/cs350/logo.jpg
root directory: /src/test/resources/edu/odu/cs/cs350 - input: file:/mnt/c/Users/Richa/OneDrive/Desktop/CS350PROJECT/Avocado1/src/test/resources/edu/odu/cs/cs350/folder/another/subdirectory/scripts/jquery-1.11.1.min.js
root directory: /src/test/resources/edu/odu/cs/cs350 - input: file:/mnt/c/Users/Richa/OneDrive/Desktop/CS350PROJECT/Avocado1/src/test/resources/edu/odu/cs/cs350/folder/another/subdirectory/local1.js
root directory: /src/test/resources/edu/odu/cs/cs350 - input: file:/mnt/c/Users/Richa/OneDrive/Desktop/CS350PROJECT/Avocado1/src/test/resources/edu/odu/cs/cs350/folder/another/subdirectory/local2.js
root directory: /src/test/resources/edu/odu/cs/cs350 - input: file:/mnt/c/Users/Richa/OneDrive/Desktop/CS350PROJECT/Avocado1/src/test/resources/edu/odu/cs/cs350/folder/another/subdirectory/styles/layout1.css
root directory: /src/test/resources/edu/odu/cs/cs350 - input: file:/mnt/c/Users/Richa/OneDrive/Desktop/CS350PROJECT/Avocado1/src/test/resources/edu/odu/cs/cs350/folder/another/subdirectory/styles/layout2.css
root directory: /src/test/resources/edu/odu/cs/cs350 - input: file:/mnt/c/Users/Richa/OneDrive/Desktop/CS350PROJECT/Avocado1/src/test/resources/edu/odu/cs/cs350/folder/another/subdirectory/styles/layout3.css
root directory: /src/test/resources/edu/odu/cs/cs350 - input: file:/mnt/c/Users/Richa/OneDrive/Desktop/CS350PROJECT/Avocado1/src/test/resources/edu/odu/cs/cs350/folder/another/subdirectory/styles/home.css
root directory: /src/test/resources/edu/odu/cs/cs350 - input: file:/mnt/c/Users/Richa/OneDrive/Desktop/CS350PROJECT/Avocado1/src/test/resources/edu/odu/cs/cs350/folder/another/subdirectory/another
root directory: /src/test/resources/edu/odu/cs/cs350 - input: file:/mnt/c/Users/Richa/OneDrive/Desktop/CS350PROJECT/Avocado1/src/test/resources/edu/odu/cs/cs350/folder/external2
/src/test/resources/edu/odu/cs/cs350
/src/test/resources/edu/odu/cs/cs350
/home/system/directory
/home/system/directory
/src/test/resources/edu/odu/cs/cs350
/src/test/resources/edu/odu/cs/cs350
/home/system/directory
/home/system/directory
/src/test/resources/edu/odu/cs/cs350
/src/test/resources/edu/odu/cs/cs350
/home/system/directory
/home/system/directory
/src/test/resources/edu/odu/cs/cs350
/src/test/resources/edu/odu/cs/cs350
/home/system/directory
/home/system/directory
]]></system-out>
  <system-err><![CDATA[]]></system-err>
</testsuite>
